2021-01-10 22:56:58 INFO  MainDriver:19 - User mendozam just logged in!
2021-01-10 22:57:23 INFO  MainDriver:17 - User mendozam just created a reimbursement!
2021-01-10 23:21:40 INFO  MainDriver:19 - User mendozam just logged in!
2021-01-10 23:57:40 INFO  MainDriver:19 - User mendozam just logged in!
2021-01-10 23:58:29 INFO  MainDriver:17 - User mendozam just created a reimbursement!
2021-01-10 23:58:57 INFO  MainDriver:53 - User mendozam just logged in!
2021-01-10 23:59:02 INFO  MainDriver:19 - User alanmz just logged in!
2021-01-10 23:59:28 INFO  MainDriver:44 - User alanmz just resolved a Reimbursement
2021-01-11 00:01:58 INFO  MainDriver:53 - User alanmz just logged in!
2021-01-11 00:11:12 INFO  MainDriver:19 - User alanmz just logged in!
2021-01-11 00:11:25 INFO  MainDriver:53 - User alanmz just logged in!
2021-01-11 00:11:34 INFO  MainDriver:19 - User mendozam just logged in!
2021-01-11 00:11:53 INFO  MainDriver:17 - User mendozam just created a reimbursement!
2021-01-11 00:12:29 INFO  MainDriver:53 - User mendozam just logged in!
2021-01-11 00:12:34 INFO  MainDriver:19 - User alanmz just logged in!
2021-01-11 00:12:51 INFO  MainDriver:44 - User alanmz just resolved a Reimbursement
2021-01-11 00:13:42 INFO  MainDriver:53 - User alanmz just logged in!
2021-01-11 01:22:45 INFO  MainDriver:19 - User Alanmz just logged in!
2021-01-11 01:22:49 INFO  MainDriver:19 - User mendozam just logged in!
2021-01-11 02:15:04 INFO  MainDriver:19 - User mendozam just logged in!
2021-01-11 02:17:50 INFO  MainDriver:19 - User mendozam just logged in!
2021-01-11 02:20:26 INFO  MainDriver:19 - User mendozam just logged in!
2021-01-11 02:23:52 INFO  MainDriver:19 - User mendozam just logged in!
2021-01-11 02:29:41 INFO  MainDriver:19 - User mendozam just logged in!
2021-01-11 02:30:24 INFO  MainDriver:19 - User mendozam just logged in!
2021-01-11 02:34:22 INFO  MainDriver:19 - User mendozam just logged in!
2021-01-11 02:38:48 INFO  MainDriver:19 - User mendozam just logged in!
2021-01-11 02:43:58 INFO  MainDriver:19 - User mendozam just logged in!
2021-01-11 02:44:25 INFO  MainDriver:19 - User mendozam just logged in!
2021-01-11 02:45:42 INFO  MainDriver:19 - User mendozam just logged in!
2021-01-11 02:47:45 INFO  MainDriver:19 - User mendozam just logged in!
2021-01-11 02:56:41 INFO  MainDriver:19 - User mendozam just logged in!
2021-01-11 02:57:15 INFO  MainDriver:19 - User mendozam just logged in!
2021-01-11 02:59:14 INFO  MainDriver:19 - User mendozam just logged in!
2021-01-11 03:00:55 INFO  MainDriver:19 - User mendozam just logged in!
2021-01-11 03:06:05 INFO  MainDriver:19 - User mendozam just logged in!
2021-01-11 03:10:00 INFO  MainDriver:19 - User mendozam just logged in!
2021-01-11 03:12:04 INFO  MainDriver:19 - User mendozam just logged in!
2021-01-11 03:12:25 INFO  MainDriver:19 - User mendozam just logged in!
2021-01-11 03:13:21 INFO  MainDriver:19 - User mendozam just logged in!
2021-01-11 03:18:46 INFO  MainDriver:19 - User mendozam just logged in!
2021-01-11 03:32:18 INFO  MainDriver:19 - User mendozam just logged in!
2021-01-11 03:34:29 INFO  MainDriver:19 - User mendozam just logged in!
2021-01-11 03:36:16 INFO  MainDriver:19 - User mendozam just logged in!
2021-01-11 03:38:41 INFO  MainDriver:19 - User mendozam just logged in!
2021-01-11 03:43:46 INFO  MainDriver:19 - User mendozam just logged in!
2021-01-11 03:51:56 INFO  MainDriver:19 - User mendozam just logged in!
2021-01-11 03:52:59 INFO  MainDriver:19 - User mendozam just logged in!
2021-01-11 03:54:09 INFO  MainDriver:19 - User alanmz just logged in!
2021-01-11 03:54:12 INFO  MainDriver:53 - User alanmz just logged in!
2021-01-11 03:54:17 INFO  MainDriver:19 - User mendozam just logged in!
2021-01-11 03:54:37 INFO  MainDriver:53 - User mendozam just logged in!
2021-01-11 03:54:44 INFO  MainDriver:19 - User mendozam just logged in!
2021-01-11 03:57:57 INFO  MainDriver:53 - User mendozam just logged in!
2021-01-11 03:58:08 INFO  MainDriver:19 - User alanmz just logged in!
2021-01-11 04:03:16 INFO  MainDriver:53 - User alanmz just logged in!
2021-01-11 04:03:22 INFO  MainDriver:19 - User mendozam just logged in!
2021-01-11 04:12:47 INFO  MainDriver:19 - User mendozam just logged in!
2021-01-11 04:14:30 INFO  MainDriver:19 - User mendozam just logged in!
2021-01-11 04:19:49 INFO  MainDriver:19 - User mendozam just logged in!
2021-01-11 04:20:54 INFO  MainDriver:19 - User mendozam just logged in!
2021-01-11 04:22:19 INFO  MainDriver:19 - User mendozam just logged in!
2021-01-11 04:23:29 INFO  MainDriver:19 - User mendozam just logged in!
2021-01-11 04:24:33 INFO  MainDriver:19 - User mendozam just logged in!
2021-01-11 04:25:56 INFO  MainDriver:19 - User mendozam just logged in!
2021-01-11 04:27:19 INFO  MainDriver:19 - User mendozam just logged in!
2021-01-11 11:53:56 INFO  MainDriver:19 - User mendozam just logged in!
2021-01-11 17:03:21 INFO  MainDriver:19 - User mendozam just logged in!
2021-01-11 17:05:27 INFO  MainDriver:19 - User mendozam just logged in!
2021-01-11 17:06:49 INFO  MainDriver:19 - User mendozam just logged in!
2021-01-11 17:08:05 INFO  MainDriver:19 - User mendozam just logged in!
2021-01-11 17:08:54 INFO  MainDriver:19 - User mendozam just logged in!
2021-01-11 17:17:49 INFO  MainDriver:19 - User mendozam just logged in!
2021-01-11 17:22:06 INFO  MainDriver:19 - User mendozam just logged in!
2021-01-11 17:47:16 INFO  MainDriver:17 - User mendozam just created a reimbursement!
2021-01-11 17:47:20 INFO  MainDriver:17 - User mendozam just created a reimbursement!
2021-01-11 17:55:24 INFO  MainDriver:19 - User mendozam just logged in!
2021-01-11 17:58:39 INFO  MainDriver:19 - User mendozam just logged in!
2021-01-11 17:58:40 INFO  MainDriver:17 - User mendozam just created a reimbursement!
2021-01-11 18:00:41 INFO  MainDriver:19 - User mendozam just logged in!
2021-01-11 18:00:56 INFO  MainDriver:17 - User mendozam just created a reimbursement!
2021-01-11 18:02:41 INFO  MainDriver:19 - User mendozam just logged in!
2021-01-11 18:02:47 INFO  MainDriver:17 - User mendozam just created a reimbursement!
2021-01-11 18:06:01 INFO  MainDriver:19 - User mendozam just logged in!
2021-01-11 18:06:03 INFO  MainDriver:17 - User mendozam just created a reimbursement!
2021-01-11 18:07:09 INFO  MainDriver:19 - User mendozam just logged in!
2021-01-11 18:07:10 INFO  MainDriver:17 - User mendozam just created a reimbursement!
2021-01-11 18:10:15 INFO  MainDriver:19 - User mendozam just logged in!
2021-01-11 18:10:17 INFO  MainDriver:17 - User mendozam just created a reimbursement!
2021-01-11 18:11:11 INFO  MainDriver:19 - User mendozam just logged in!
2021-01-11 18:11:12 INFO  MainDriver:17 - User mendozam just created a reimbursement!
2021-01-11 18:26:31 INFO  MainDriver:19 - User mendozam just logged in!
2021-01-11 18:27:31 INFO  MainDriver:19 - User mendozam just logged in!
2021-01-11 18:29:57 INFO  MainDriver:19 - User mendozam just logged in!
2021-01-11 18:33:34 INFO  MainDriver:19 - User mendozam just logged in!
2021-01-11 18:34:08 INFO  MainDriver:19 - User mendozam just logged in!
2021-01-11 18:34:50 INFO  MainDriver:19 - User mendozam just logged in!
2021-01-11 18:36:40 INFO  MainDriver:19 - User mendozam just logged in!
2021-01-11 18:43:25 INFO  MainDriver:19 - User mendozam just logged in!
2021-01-11 18:44:01 INFO  MainDriver:17 - User mendozam just created a reimbursement!
2021-01-11 18:45:25 INFO  MainDriver:19 - User mendozam just logged in!
2021-01-11 18:45:41 INFO  MainDriver:17 - User mendozam just created a reimbursement!
2021-01-11 18:46:24 INFO  MainDriver:19 - User mendozam just logged in!
2021-01-11 18:46:40 INFO  MainDriver:17 - User mendozam just created a reimbursement!
2021-01-11 19:06:30 INFO  MainDriver:53 - User mendozam just logged in!
2021-01-11 19:06:35 INFO  MainDriver:19 - User alanmz just logged in!
2021-01-11 19:10:00 INFO  MainDriver:19 - User mendozam just logged in!
2021-01-11 19:10:01 INFO  MainDriver:19 - User mendozam just logged in!
2021-01-11 19:10:11 INFO  MainDriver:17 - User mendozam just created a reimbursement!
2021-01-11 19:10:28 INFO  MainDriver:19 - User Alanmz just logged in!
2021-01-11 19:10:29 INFO  MainDriver:19 - User mendozam just logged in!
2021-01-11 19:16:31 INFO  MainDriver:19 - User alanmz just logged in!
2021-01-11 19:39:28 INFO  MainDriver:19 - User alanmz just logged in!
2021-01-11 19:40:59 INFO  MainDriver:19 - User alanmz just logged in!
2021-01-11 19:44:00 INFO  MainDriver:19 - User alanmz just logged in!
2021-01-11 19:44:47 INFO  MainDriver:19 - User alanmz just logged in!
2021-01-11 19:47:13 INFO  MainDriver:19 - User alanmz just logged in!
2021-01-11 19:51:04 INFO  MainDriver:19 - User alanmz just logged in!
2021-01-11 19:51:35 INFO  MainDriver:19 - User alanmz just logged in!
2021-01-11 19:52:45 INFO  MainDriver:19 - User alanmz just logged in!
2021-01-11 19:56:41 INFO  MainDriver:19 - User alanmz just logged in!
2021-01-11 20:05:19 INFO  MainDriver:19 - User alanmz just logged in!
2021-01-11 20:06:33 INFO  MainDriver:19 - User alanmz just logged in!
2021-01-11 20:18:23 INFO  MainDriver:19 - User alanmz just logged in!
2021-01-11 20:19:37 INFO  MainDriver:19 - User alanmz just logged in!
2021-01-11 20:20:08 INFO  MainDriver:19 - User alanmz just logged in!
2021-01-11 20:21:52 INFO  MainDriver:19 - User alanmz just logged in!
2021-01-11 20:23:11 INFO  MainDriver:19 - User alanmz just logged in!
2021-01-11 20:23:41 INFO  MainDriver:19 - User alanmz just logged in!
2021-01-11 20:26:01 INFO  MainDriver:19 - User alanmz just logged in!
2021-01-11 20:34:24 INFO  MainDriver:19 - User alanmz just logged in!
2021-01-11 20:37:25 INFO  MainDriver:19 - User alanmz just logged in!
2021-01-11 20:39:06 INFO  MainDriver:19 - User alanmz just logged in!
2021-01-11 20:39:51 INFO  MainDriver:19 - User alanmz just logged in!
2021-01-11 20:41:30 INFO  MainDriver:19 - User alanmz just logged in!
2021-01-11 20:51:12 INFO  MainDriver:19 - User alanmz just logged in!
2021-01-11 20:52:35 INFO  MainDriver:19 - User alanmz just logged in!
2021-01-11 20:53:40 INFO  MainDriver:19 - User alanmz just logged in!
2021-01-11 21:05:31 INFO  MainDriver:19 - User alanmz just logged in!
2021-01-11 21:05:42 INFO  MainDriver:44 - User alanmz just resolved a Reimbursement
2021-01-11 21:08:07 INFO  MainDriver:19 - User alanmz just logged in!
2021-01-11 21:08:18 INFO  MainDriver:44 - User alanmz just resolved a Reimbursement
2021-01-11 21:14:42 INFO  MainDriver:19 - User alanmz just logged in!
2021-01-11 21:14:54 INFO  MainDriver:44 - User alanmz just resolved a Reimbursement
2021-01-11 21:16:55 INFO  MainDriver:19 - User alanmz just logged in!
2021-01-11 21:17:05 INFO  MainDriver:44 - User alanmz just resolved a Reimbursement
2021-01-11 21:17:49 INFO  MainDriver:19 - User alanmz just logged in!
2021-01-11 21:18:00 INFO  MainDriver:44 - User alanmz just resolved a Reimbursement
2021-01-11 21:22:36 INFO  MainDriver:19 - User alanmz just logged in!
2021-01-11 21:22:50 INFO  MainDriver:44 - User alanmz just resolved a Reimbursement
2021-01-11 21:23:29 INFO  MainDriver:19 - User alanmz just logged in!
2021-01-11 21:23:39 INFO  MainDriver:44 - User alanmz just resolved a Reimbursement
2021-01-11 21:27:46 INFO  MainDriver:19 - User alanmz just logged in!
2021-01-11 21:31:06 INFO  MainDriver:19 - User alanmz just logged in!
2021-01-11 21:31:29 INFO  MainDriver:44 - User alanmz just resolved a Reimbursement
2021-01-11 21:32:45 INFO  MainDriver:19 - User alanmz just logged in!
2021-01-11 21:34:03 INFO  MainDriver:19 - User alanmz just logged in!
2021-01-11 21:34:24 INFO  MainDriver:44 - User alanmz just resolved a Reimbursement
2021-01-11 21:35:28 INFO  MainDriver:19 - User alanmz just logged in!
2021-01-11 21:35:43 INFO  MainDriver:44 - User alanmz just resolved a Reimbursement
2021-01-11 21:36:14 INFO  MainDriver:19 - User alanmz just logged in!
2021-01-11 21:36:26 INFO  MainDriver:44 - User alanmz just resolved a Reimbursement
2021-01-11 21:38:25 INFO  MainDriver:19 - User alanmz just logged in!
2021-01-11 21:38:37 INFO  MainDriver:44 - User alanmz just resolved a Reimbursement
2021-01-11 21:41:07 INFO  MainDriver:19 - User alanmz just logged in!
2021-01-11 21:47:19 INFO  MainDriver:19 - User alanmz just logged in!
2021-01-11 21:50:16 INFO  MainDriver:19 - User alanmz just logged in!
2021-01-11 21:50:34 INFO  MainDriver:44 - User alanmz just resolved a Reimbursement
2021-01-11 21:53:59 INFO  MainDriver:19 - User alanmz just logged in!
2021-01-11 21:54:41 INFO  MainDriver:19 - User alanmz just logged in!
2021-01-11 21:58:38 INFO  MainDriver:19 - User alanmz just logged in!
2021-01-11 21:58:49 INFO  MainDriver:44 - User alanmz just resolved a Reimbursement
2021-01-11 21:59:55 INFO  MainDriver:19 - User alanmz just logged in!
2021-01-11 22:00:09 INFO  MainDriver:44 - User alanmz just resolved a Reimbursement
2021-01-11 22:01:08 INFO  MainDriver:19 - User alanmz just logged in!
2021-01-11 22:01:21 INFO  MainDriver:44 - User alanmz just resolved a Reimbursement
2021-01-11 22:11:53 INFO  MainDriver:19 - User alanmz just logged in!
2021-01-11 22:12:05 INFO  MainDriver:44 - User alanmz just resolved a Reimbursement
2021-01-11 22:12:12 INFO  MainDriver:44 - User alanmz just resolved a Reimbursement
2021-01-11 22:13:22 INFO  MainDriver:19 - User alanmz just logged in!
2021-01-11 22:13:33 INFO  MainDriver:44 - User alanmz just resolved a Reimbursement
2021-01-11 22:14:00 INFO  MainDriver:19 - User alanmz just logged in!
2021-01-11 22:14:12 INFO  MainDriver:44 - User alanmz just resolved a Reimbursement
2021-01-11 22:14:39 INFO  MainDriver:19 - User alanmz just logged in!
2021-01-11 22:14:58 INFO  MainDriver:19 - User alanmz just logged in!
2021-01-11 22:15:10 INFO  MainDriver:44 - User alanmz just resolved a Reimbursement
2021-01-11 22:16:07 INFO  MainDriver:19 - User alanmz just logged in!
2021-01-11 22:16:17 INFO  MainDriver:44 - User alanmz just resolved a Reimbursement
2021-01-11 22:17:12 INFO  MainDriver:19 - User alanmz just logged in!
2021-01-11 22:17:24 INFO  MainDriver:44 - User alanmz just resolved a Reimbursement
2021-01-11 22:17:38 INFO  MainDriver:19 - User alanmz just logged in!
2021-01-11 22:17:49 INFO  MainDriver:44 - User alanmz just resolved a Reimbursement
2021-01-11 22:20:41 INFO  MainDriver:19 - User alanmz just logged in!
2021-01-11 22:20:52 INFO  MainDriver:44 - User alanmz just resolved a Reimbursement
2021-01-11 22:21:47 INFO  MainDriver:19 - User alanmz just logged in!
2021-01-11 22:22:02 INFO  MainDriver:44 - User alanmz just resolved a Reimbursement
2021-01-11 22:25:05 INFO  MainDriver:19 - User alanmz just logged in!
2021-01-11 22:25:38 INFO  MainDriver:44 - User alanmz just resolved a Reimbursement
2021-01-11 22:26:07 INFO  MainDriver:19 - User alanmz just logged in!
2021-01-11 22:26:30 INFO  MainDriver:44 - User alanmz just resolved a Reimbursement
2021-01-11 22:27:43 INFO  MainDriver:19 - User alanmz just logged in!
2021-01-11 22:28:26 INFO  MainDriver:44 - User alanmz just resolved a Reimbursement
2021-01-11 22:32:31 INFO  MainDriver:19 - User alanmz just logged in!
2021-01-11 22:33:18 INFO  MainDriver:19 - User alanmz just logged in!
2021-01-11 22:36:51 INFO  MainDriver:19 - User alanmz just logged in!
2021-01-11 22:38:02 INFO  MainDriver:19 - User mendozam just logged in!
2021-01-11 22:39:15 INFO  MainDriver:53 - User mendozam just logged in!
2021-01-11 22:39:19 INFO  MainDriver:19 - User alanmz just logged in!
2021-01-11 22:40:53 INFO  MainDriver:19 - User alanmz just logged in!
2021-01-11 22:41:05 INFO  MainDriver:44 - User alanmz just resolved a Reimbursement
2021-01-11 22:44:21 INFO  MainDriver:19 - User alanmz just logged in!
2021-01-11 22:44:33 INFO  MainDriver:44 - User alanmz just resolved a Reimbursement
2021-01-11 22:45:27 INFO  MainDriver:19 - User alanmz just logged in!
2021-01-11 22:45:39 INFO  MainDriver:44 - User alanmz just resolved a Reimbursement
2021-01-11 22:47:48 INFO  MainDriver:19 - User alanmz just logged in!
2021-01-11 22:48:00 INFO  MainDriver:44 - User alanmz just resolved a Reimbursement
2021-01-11 22:53:46 INFO  MainDriver:19 - User alanmz just logged in!
2021-01-11 22:53:58 INFO  MainDriver:44 - User alanmz just resolved a Reimbursement
2021-01-11 22:55:13 INFO  MainDriver:19 - User alanmz just logged in!
2021-01-11 22:55:25 INFO  MainDriver:44 - User alanmz just resolved a Reimbursement
2021-01-11 22:57:57 INFO  MainDriver:19 - User mendozam just logged in!
2021-01-11 22:57:58 INFO  MainDriver:19 - User mendozam just logged in!
2021-01-11 22:58:13 INFO  MainDriver:17 - User mendozam just created a reimbursement!
2021-01-11 22:58:30 INFO  MainDriver:19 - User Alanmz just logged in!
2021-01-11 22:58:31 INFO  MainDriver:19 - User mendozam just logged in!
2021-01-12 09:39:45 INFO  MainDriver:19 - User alanmz just logged in!
2021-01-12 09:44:47 INFO  MainDriver:19 - User Alanmz just logged in!
2021-01-12 09:50:04 INFO  MainDriver:19 - User Alanmz just logged in!
2021-01-12 09:51:40 INFO  MainDriver:19 - User Alanmz just logged in!
2021-01-12 09:54:59 INFO  MainDriver:19 - User Alanmz just logged in!
2021-01-12 09:55:52 INFO  MainDriver:19 - User Alanmz just logged in!
2021-01-12 09:57:20 INFO  MainDriver:19 - User Alanmz just logged in!
2021-01-12 09:59:35 INFO  MainDriver:19 - User Alanmz just logged in!
2021-01-12 10:40:08 INFO  MainDriver:19 - User mendozam just logged in!
2021-01-12 10:40:10 INFO  MainDriver:19 - User mendozam just logged in!
2021-01-12 10:40:20 INFO  MainDriver:17 - User mendozam just created a reimbursement!
2021-01-12 10:40:38 INFO  MainDriver:19 - User Alanmz just logged in!
2021-01-12 10:40:39 INFO  MainDriver:19 - User mendozam just logged in!
2021-01-12 10:40:46 INFO  MainDriver:19 - User Alanmz just logged in!
2021-01-12 12:35:35 INFO  MainDriver:19 - User mendozam just logged in!
2021-01-12 12:36:38 INFO  MainDriver:53 - User mendozam just logged in!
2021-01-12 14:01:42 INFO  MainDriver:19 - User mendozam just logged in!
2021-01-12 14:02:12 INFO  MainDriver:17 - User mendozam just created a reimbursement!
2021-01-12 14:02:31 INFO  MainDriver:53 - User mendozam just logged in!
2021-01-12 14:02:36 INFO  MainDriver:19 - User alanmz just logged in!
2021-01-12 14:03:31 INFO  MainDriver:44 - User alanmz just resolved a Reimbursement
2021-01-12 14:04:00 INFO  MainDriver:53 - User alanmz just logged in!
2021-01-12 14:04:06 INFO  MainDriver:19 - User mendozam just logged in!
2021-01-12 14:04:26 INFO  MainDriver:53 - User mendozam just logged in!
2021-01-12 14:06:02 INFO  MainDriver:19 - User mendozam just logged in!
2021-01-12 14:06:05 INFO  MainDriver:53 - User mendozam just logged in!
